# JRE version: Java(TM) SE Runtime Environment (22.0.1+8) (build 22.0.1+8-16)
# Java VM: Java HotSpot(TM) 64-Bit Server VM (22.0.1+8-16, mixed mode, sharing, tiered, compressed oops, compressed class ptrs, g1 gc, windows-amd64)
GC Precious Log:
 CardTable entry size: 512
 Card Set container configuration: InlinePtr #cards 5 size 8 Array Of Cards #cards 12 size 40 Howl #buckets 4 coarsen threshold 1843 Howl Bitmap #cards 512 size 80 coarsen threshold 460 Card regions per heap region 1 cards per card region 2048
 CPUs: 8 total, 8 available
 Memory: 7975M
 Large Page Support: Disabled
 NUMA Support: Disabled
 Compressed Oops: Enabled (32-bit)
 Heap Region Size: 1M
 Heap Min Capacity: 8M
 Heap Initial Capacity: 126M
 Heap Max Capacity: 1994M
 Pre-touch: Disabled
 Parallel Workers: 8
 Concurrent Workers: 2
 Concurrent Refinement Workers: 8
 Periodic GC: Disabled
Heap:
 garbage-first heap   total reserved 2041856K, committed 112640K, used 55066K [0x0000000083600000, 0x0000000100000000)
  region size 1024K, 25 young (25600K), 2 survivors (2048K)
 Metaspace       used 79517K, committed 80192K, reserved 1179648K
  class space    used 10966K, committed 11264K, reserved 1048576K
GC Heap History (20 events):
Event: 11115.982 GC heap before
{Heap before GC invocations=60 (full 0):
 garbage-first heap   total reserved 2041856K, committed 67584K, used 60612K [0x0000000083600000, 0x0000000100000000)
  region size 1024K, 29 young (29696K), 2 survivors (2048K)
 Metaspace       used 78107K, committed 78848K, reserved 1179648K
  class space    used 10877K, committed 11264K, reserved 1048576K
}
Event: 11116.017 GC heap after
{Heap after GC invocations=61 (full 0):
 garbage-first heap   total reserved 2041856K, committed 67584K, used 32761K [0x0000000083600000, 0x0000000100000000)
  region size 1024K, 2 young (2048K), 2 survivors (2048K)
 Metaspace       used 78107K, committed 78848K, reserved 1179648K
  class space    used 10877K, committed 11264K, reserved 1048576K
}
Event: 11586.649 GC heap before
{Heap before GC invocations=61 (full 0):
 garbage-first heap   total reserved 2041856K, committed 67584K, used 59385K [0x0000000083600000, 0x0000000100000000)
  region size 1024K, 29 young (29696K), 2 survivors (2048K)
 Metaspace       used 78345K, committed 79104K, reserved 1179648K
  class space    used 10908K, committed 11264K, reserved 1048576K
}
Event: 11586.726 GC heap after
{Heap after GC invocations=62 (full 0):
 garbage-first heap   total reserved 2041856K, committed 67584K, used 32640K [0x0000000083600000, 0x0000000100000000)
  region size 1024K, 2 young (2048K), 2 survivors (2048K)
 Metaspace       used 78345K, committed 79104K, reserved 1179648K
  class space    used 10908K, committed 11264K, reserved 1048576K
}
Event: 12112.928 GC heap before
{Heap before GC invocations=63 (full 0):
 garbage-first heap   total reserved 2041856K, committed 67584K, used 60288K [0x0000000083600000, 0x0000000100000000)
  region size 1024K, 29 young (29696K), 2 survivors (2048K)
 Metaspace       used 78345K, committed 79104K, reserved 1179648K
  class space    used 10908K, committed 11264K, reserved 1048576K
}
Event: 12112.989 GC heap after
{Heap after GC invocations=64 (full 0):
 garbage-first heap   total reserved 2041856K, committed 67584K, used 32655K [0x0000000083600000, 0x0000000100000000)
  region size 1024K, 2 young (2048K), 2 survivors (2048K)
 Metaspace       used 78345K, committed 79104K, reserved 1179648K
  class space    used 10908K, committed 11264K, reserved 1048576K
}
Event: 12561.888 GC heap before
{Heap before GC invocations=64 (full 0):
 garbage-first heap   total reserved 2041856K, committed 67584K, used 60303K [0x0000000083600000, 0x0000000100000000)
  region size 1024K, 29 young (29696K), 2 survivors (2048K)
 Metaspace       used 78363K, committed 79104K, reserved 1179648K
  class space    used 10908K, committed 11264K, reserved 1048576K
}
Event: 12561.947 GC heap after
{Heap after GC invocations=65 (full 0):
 garbage-first heap   total reserved 2041856K, committed 67584K, used 32394K [0x0000000083600000, 0x0000000100000000)
  region size 1024K, 2 young (2048K), 2 survivors (2048K)
 Metaspace       used 78363K, committed 79104K, reserved 1179648K
  class space    used 10908K, committed 11264K, reserved 1048576K
}
Event: 13008.721 GC heap before
{Heap before GC invocations=65 (full 0):
 garbage-first heap   total reserved 2041856K, committed 67584K, used 60042K [0x0000000083600000, 0x0000000100000000)
  region size 1024K, 29 young (29696K), 2 survivors (2048K)
 Metaspace       used 78628K, committed 79296K, reserved 1179648K
  class space    used 10937K, committed 11264K, reserved 1048576K
}
Event: 13008.840 GC heap after
{Heap after GC invocations=66 (full 0):
 garbage-first heap   total reserved 2041856K, committed 67584K, used 32652K [0x0000000083600000, 0x0000000100000000)
  region size 1024K, 2 young (2048K), 2 survivors (2048K)
 Metaspace       used 78628K, committed 79296K, reserved 1179648K
  class space    used 10937K, committed 11264K, reserved 1048576K
}
Event: 13473.849 GC heap before
{Heap before GC invocations=67 (full 0):
 garbage-first heap   total reserved 2041856K, committed 67584K, used 60300K [0x0000000083600000, 0x0000000100000000)
  region size 1024K, 29 young (29696K), 2 survivors (2048K)
 Metaspace       used 78827K, committed 79552K, reserved 1179648K
  class space    used 10938K, committed 11264K, reserved 1048576K
}
Event: 13473.877 GC heap after
{Heap after GC invocations=68 (full 0):
 garbage-first heap   total reserved 2041856K, committed 120832K, used 32710K [0x0000000083600000, 0x0000000100000000)
  region size 1024K, 2 young (2048K), 2 survivors (2048K)
 Metaspace       used 78827K, committed 79552K, reserved 1179648K
  class space    used 10938K, committed 11264K, reserved 1048576K
}
Event: 14707.502 GC heap before
{Heap before GC invocations=68 (full 0):
 garbage-first heap   total reserved 2041856K, committed 120832K, used 102342K [0x0000000083600000, 0x0000000100000000)
  region size 1024K, 70 young (71680K), 2 survivors (2048K)
 Metaspace       used 78900K, committed 79616K, reserved 1179648K
  class space    used 10938K, committed 11264K, reserved 1048576K
}
Event: 14707.564 GC heap after
{Heap after GC invocations=69 (full 0):
 garbage-first heap   total reserved 2041856K, committed 120832K, used 32431K [0x0000000083600000, 0x0000000100000000)
  region size 1024K, 2 young (2048K), 2 survivors (2048K)
 Metaspace       used 78900K, committed 79616K, reserved 1179648K
  class space    used 10938K, committed 11264K, reserved 1048576K
}
Event: 15999.389 GC heap before
{Heap before GC invocations=69 (full 0):
 garbage-first heap   total reserved 2041856K, committed 120832K, used 102063K [0x0000000083600000, 0x0000000100000000)
  region size 1024K, 70 young (71680K), 2 survivors (2048K)
 Metaspace       used 78910K, committed 79616K, reserved 1179648K
  class space    used 10938K, committed 11264K, reserved 1048576K
}
Event: 15999.436 GC heap after
{Heap after GC invocations=70 (full 0):
 garbage-first heap   total reserved 2041856K, committed 120832K, used 32366K [0x0000000083600000, 0x0000000100000000)
  region size 1024K, 2 young (2048K), 2 survivors (2048K)
 Metaspace       used 78910K, committed 79616K, reserved 1179648K
  class space    used 10938K, committed 11264K, reserved 1048576K
}
Event: 17190.926 GC heap before
{Heap before GC invocations=71 (full 0):
 garbage-first heap   total reserved 2041856K, committed 112640K, used 97902K [0x0000000083600000, 0x0000000100000000)
  region size 1024K, 66 young (67584K), 2 survivors (2048K)
 Metaspace       used 78919K, committed 79616K, reserved 1179648K
  class space    used 10938K, committed 11264K, reserved 1048576K
}
Event: 17190.982 GC heap after
{Heap after GC invocations=72 (full 0):
 garbage-first heap   total reserved 2041856K, committed 112640K, used 32047K [0x0000000083600000, 0x0000000100000000)
  region size 1024K, 1 young (1024K), 1 survivors (1024K)
 Metaspace       used 78919K, committed 79616K, reserved 1179648K
  class space    used 10938K, committed 11264K, reserved 1048576K
}
Event: 57929.882 GC heap before
{Heap before GC invocations=72 (full 0):
 garbage-first heap   total reserved 2041856K, committed 112640K, used 98607K [0x0000000083600000, 0x0000000100000000)
  region size 1024K, 66 young (67584K), 1 survivors (1024K)
 Metaspace       used 79504K, committed 80192K, reserved 1179648K
  class space    used 10962K, committed 11264K, reserved 1048576K
}
Event: 57930.025 GC heap after
{Heap after GC invocations=73 (full 0):
 garbage-first heap   total reserved 2041856K, committed 112640K, used 32538K [0x0000000083600000, 0x0000000100000000)
  region size 1024K, 2 young (2048K), 2 survivors (2048K)
 Metaspace       used 79504K, committed 80192K, reserved 1179648K
  class space    used 10962K, committed 11264K, reserved 1048576K
}

